{"/Users/ParteekSSandhu/hrsf123/recommendations/math.js": {"path":"/Users/ParteekSSandhu/hrsf123/recommendations/math.js","statementMap":{"0":{"start":{"line":3,"column":12},"end":{"line":6,"column":1}},"1":{"start":{"line":4,"column":12},"end":{"line":4,"column":17}},"2":{"start":{"line":5,"column":2},"end":{"line":5,"column":13}},"3":{"start":{"line":8,"column":0},"end":{"line":8,"column":21}}},"fnMap":{"0":{"name":"(anonymous_0)","decl":{"start":{"line":3,"column":12},"end":{"line":3,"column":13}},"loc":{"start":{"line":3,"column":27},"end":{"line":6,"column":1}},"line":3}},"branchMap":{},"s":{"0":1,"1":2,"2":2,"3":1},"f":{"0":2},"b":{},"_coverageSchema":"43e27e138ebf9cfc5966b082cf9a028302ed4184","hash":"5f4e14de1cb562297e71a8f6c526d8a906f0f39b"}
}
